0 info it worked if it ends with ok
1 verbose cli [ '/Users/Kyle/.nvm/versions/node/v5.8.0/bin/node',
1 verbose cli   '/Users/Kyle/.nvm/versions/node/v5.8.0/bin/npm',
1 verbose cli   'install',
1 verbose cli   '-g',
1 verbose cli   'coffee-script' ]
2 info using npm@3.10.9
3 info using node@v5.8.0
4 silly loadCurrentTree Starting
5 silly install loadCurrentTree
6 silly install readGlobalPackageData
7 silly fetchPackageMetaData coffee-script
8 silly fetchNamedPackageData coffee-script
9 silly mapToRegistry name coffee-script
10 silly mapToRegistry using default registry
11 silly mapToRegistry registry https://registry.npmjs.org/
12 silly mapToRegistry data Result {
12 silly mapToRegistry   raw: 'coffee-script',
12 silly mapToRegistry   scope: null,
12 silly mapToRegistry   escapedName: 'coffee-script',
12 silly mapToRegistry   name: 'coffee-script',
12 silly mapToRegistry   rawSpec: '',
12 silly mapToRegistry   spec: 'latest',
12 silly mapToRegistry   type: 'tag' }
13 silly mapToRegistry uri https://registry.npmjs.org/coffee-script
14 verbose get https://registry.npmjs.org/coffee-script not expired, no request
15 silly install normalizeTree
16 silly loadCurrentTree Finishing
17 silly loadIdealTree Starting
18 silly install loadIdealTree
19 silly cloneCurrentTree Starting
20 silly install cloneCurrentTreeToIdealTree
21 silly cloneCurrentTree Finishing
22 silly loadShrinkwrap Starting
23 silly install loadShrinkwrap
24 silly loadShrinkwrap Finishing
25 silly loadAllDepsIntoIdealTree Starting
26 silly install loadAllDepsIntoIdealTree
27 silly resolveWithNewModule coffee-script@1.12.6 checking installable status
28 silly cache add args [ 'coffee-script', null ]
29 verbose cache add spec coffee-script
30 silly cache add parsed spec Result {
30 silly cache add   raw: 'coffee-script',
30 silly cache add   scope: null,
30 silly cache add   escapedName: 'coffee-script',
30 silly cache add   name: 'coffee-script',
30 silly cache add   rawSpec: '',
30 silly cache add   spec: 'latest',
30 silly cache add   type: 'tag' }
31 silly addNamed coffee-script@latest
32 verbose addNamed "latest" is being treated as a dist-tag for coffee-script
33 info addNameTag [ 'coffee-script', 'latest' ]
34 silly mapToRegistry name coffee-script
35 silly mapToRegistry using default registry
36 silly mapToRegistry registry https://registry.npmjs.org/
37 silly mapToRegistry data Result {
37 silly mapToRegistry   raw: 'coffee-script',
37 silly mapToRegistry   scope: null,
37 silly mapToRegistry   escapedName: 'coffee-script',
37 silly mapToRegistry   name: 'coffee-script',
37 silly mapToRegistry   rawSpec: '',
37 silly mapToRegistry   spec: 'latest',
37 silly mapToRegistry   type: 'tag' }
38 silly mapToRegistry uri https://registry.npmjs.org/coffee-script
39 verbose addNameTag registry:https://registry.npmjs.org/coffee-script not in flight; fetching
40 verbose get https://registry.npmjs.org/coffee-script not expired, no request
41 silly addNameTag next cb for coffee-script with tag latest
42 silly addNamed coffee-script@1.12.6
43 verbose addNamed "1.12.6" is a plain semver version for coffee-script
44 silly cache afterAdd coffee-script@1.12.6
45 verbose afterAdd /Users/Kyle/.npm/coffee-script/1.12.6/package/package.json not in flight; writing
46 verbose correctMkdir /Users/Kyle/.npm correctMkdir not in flight; initializing
47 verbose afterAdd /Users/Kyle/.npm/coffee-script/1.12.6/package/package.json written
48 silly loadAllDepsIntoIdealTree Finishing
49 silly loadIdealTree Finishing
50 silly currentTree lib
50 silly currentTree └── coffee-script@1.12.6
51 silly idealTree lib
51 silly idealTree └── coffee-script@1.12.6
52 silly generateActionsToTake Starting
53 silly install generateActionsToTake
54 warn checkPermissions Missing write access to /Users/Kyle/.nvm/versions/node/v5.8.0/lib/node_modules/coffee-script
55 silly rollbackFailedOptional Starting
56 silly rollbackFailedOptional Finishing
57 silly runTopLevelLifecycles Finishing
58 silly install printInstalled
59 verbose stack Error: EACCES: permission denied, access '/Users/Kyle/.nvm/versions/node/v5.8.0/lib/node_modules/coffee-script'
59 verbose stack     at Error (native)
60 verbose cwd /Users/Kyle/Desktop/pickk-import
61 error Darwin 16.5.0
62 error argv "/Users/Kyle/.nvm/versions/node/v5.8.0/bin/node" "/Users/Kyle/.nvm/versions/node/v5.8.0/bin/npm" "install" "-g" "coffee-script"
63 error node v5.8.0
64 error npm  v3.10.9
65 error path /Users/Kyle/.nvm/versions/node/v5.8.0/lib/node_modules/coffee-script
66 error code EACCES
67 error errno -13
68 error syscall access
69 error Error: EACCES: permission denied, access '/Users/Kyle/.nvm/versions/node/v5.8.0/lib/node_modules/coffee-script'
69 error     at Error (native)
69 error  { [Error: EACCES: permission denied, access '/Users/Kyle/.nvm/versions/node/v5.8.0/lib/node_modules/coffee-script']
69 error   errno: -13,
69 error   code: 'EACCES',
69 error   syscall: 'access',
69 error   path: '/Users/Kyle/.nvm/versions/node/v5.8.0/lib/node_modules/coffee-script' }
70 error Please try running this command again as root/Administrator.
71 verbose exit [ -13, true ]
